{"contracts/Raffle.sol":{"l":{"68":3,"69":3,"70":3,"71":3,"72":3,"73":3,"74":3,"75":3,"79":5,"80":1,"82":4,"83":1,"85":3,"86":3,"99":2,"100":2,"101":2,"102":2,"103":2,"109":1,"110":1,"111":0,"113":1,"114":1,"121":1,"127":0,"128":0,"129":0,"130":0,"131":0,"132":0,"133":0,"135":0,"136":0,"138":0,"143":6,"147":1,"151":0,"155":1,"159":0,"163":0,"167":0,"171":0,"175":6},"path":"/home/seba-uin/Desktop/blockchain-dev/collins-course/hardhat-lottery/contracts/Raffle.sol","s":{"1":5,"2":4,"3":3,"4":3,"5":2,"6":2,"7":2,"8":2,"9":1,"10":1,"11":1,"12":1,"13":0,"14":0,"15":0,"16":0,"17":0,"18":6,"19":1,"20":0,"21":1,"22":0,"23":0,"24":0,"25":0,"26":6},"b":{"1":[1,4],"2":[1,3],"3":[0,1],"4":[0,0]},"f":{"1":3,"2":5,"3":2,"4":1,"5":0,"6":6,"7":1,"8":0,"9":1,"10":0,"11":0,"12":0,"13":0,"14":6},"fnMap":{"1":{"name":"constructor","line":67,"loc":{"start":{"line":60,"column":4},"end":{"line":76,"column":4}}},"2":{"name":"enterRaffle","line":78,"loc":{"start":{"line":78,"column":4},"end":{"line":87,"column":4}}},"3":{"name":"checkUpkeep","line":89,"loc":{"start":{"line":89,"column":4},"end":{"line":104,"column":4}}},"4":{"name":"performUpkeep","line":106,"loc":{"start":{"line":106,"column":4},"end":{"line":122,"column":4}}},"5":{"name":"fulfillRandomWords","line":124,"loc":{"start":{"line":124,"column":4},"end":{"line":139,"column":4}}},"6":{"name":"getEntranceFee","line":142,"loc":{"start":{"line":142,"column":4},"end":{"line":144,"column":4}}},"7":{"name":"getPlayer","line":146,"loc":{"start":{"line":146,"column":4},"end":{"line":148,"column":4}}},"8":{"name":"getRecentWinner","line":150,"loc":{"start":{"line":150,"column":4},"end":{"line":152,"column":4}}},"9":{"name":"getRaffleState","line":154,"loc":{"start":{"line":154,"column":4},"end":{"line":156,"column":4}}},"10":{"name":"getNumWord","line":158,"loc":{"start":{"line":158,"column":4},"end":{"line":160,"column":4}}},"11":{"name":"getNumberOfPlayers","line":162,"loc":{"start":{"line":162,"column":4},"end":{"line":164,"column":4}}},"12":{"name":"getLatestTimestamp","line":166,"loc":{"start":{"line":166,"column":4},"end":{"line":168,"column":4}}},"13":{"name":"getRequestConfirmations","line":170,"loc":{"start":{"line":170,"column":4},"end":{"line":172,"column":4}}},"14":{"name":"getInterval","line":174,"loc":{"start":{"line":174,"column":4},"end":{"line":176,"column":4}}}},"statementMap":{"1":{"start":{"line":79,"column":8},"end":{"line":79,"column":2535}},"2":{"start":{"line":82,"column":8},"end":{"line":82,"column":2635}},"3":{"start":{"line":85,"column":8},"end":{"line":85,"column":42}},"4":{"start":{"line":86,"column":8},"end":{"line":86,"column":36}},"5":{"start":{"line":99,"column":8},"end":{"line":99,"column":57}},"6":{"start":{"line":100,"column":8},"end":{"line":100,"column":76}},"7":{"start":{"line":101,"column":8},"end":{"line":101,"column":48}},"8":{"start":{"line":102,"column":8},"end":{"line":102,"column":51}},"9":{"start":{"line":109,"column":8},"end":{"line":109,"column":47}},"10":{"start":{"line":110,"column":8},"end":{"line":110,"column":3491}},"11":{"start":{"line":114,"column":8},"end":{"line":114,"column":3688}},"12":{"start":{"line":121,"column":8},"end":{"line":121,"column":45}},"13":{"start":{"line":127,"column":8},"end":{"line":127,"column":65}},"14":{"start":{"line":128,"column":8},"end":{"line":128,"column":63}},"15":{"start":{"line":133,"column":8},"end":{"line":133,"column":78}},"16":{"start":{"line":135,"column":8},"end":{"line":135,"column":4471}},"17":{"start":{"line":138,"column":8},"end":{"line":138,"column":39}},"18":{"start":{"line":143,"column":8},"end":{"line":143,"column":28}},"19":{"start":{"line":147,"column":8},"end":{"line":147,"column":31}},"20":{"start":{"line":151,"column":8},"end":{"line":151,"column":29}},"21":{"start":{"line":155,"column":8},"end":{"line":155,"column":28}},"22":{"start":{"line":159,"column":8},"end":{"line":159,"column":24}},"23":{"start":{"line":163,"column":8},"end":{"line":163,"column":31}},"24":{"start":{"line":167,"column":8},"end":{"line":167,"column":30}},"25":{"start":{"line":171,"column":8},"end":{"line":171,"column":36}},"26":{"start":{"line":175,"column":8},"end":{"line":175,"column":25}}},"branchMap":{"1":{"line":79,"type":"if","locations":[{"start":{"line":79,"column":8},"end":{"line":79,"column":8}},{"start":{"line":79,"column":8},"end":{"line":79,"column":8}}]},"2":{"line":82,"type":"if","locations":[{"start":{"line":82,"column":8},"end":{"line":82,"column":8}},{"start":{"line":82,"column":8},"end":{"line":82,"column":8}}]},"3":{"line":110,"type":"if","locations":[{"start":{"line":110,"column":8},"end":{"line":110,"column":8}},{"start":{"line":110,"column":8},"end":{"line":110,"column":8}}]},"4":{"line":135,"type":"if","locations":[{"start":{"line":135,"column":8},"end":{"line":135,"column":8}},{"start":{"line":135,"column":8},"end":{"line":135,"column":8}}]}}},"contracts/test/VRFCoordinatorV2Mock.sol":{"l":{},"path":"/home/seba-uin/Desktop/blockchain-dev/collins-course/hardhat-lottery/contracts/test/VRFCoordinatorV2Mock.sol","s":{},"b":{},"f":{},"fnMap":{},"statementMap":{},"branchMap":{}}}