TN:
SF:/home/seba-uin/Desktop/blockchain-dev/collins-course/hardhat-lottery/contracts/Raffle.sol
FN:67,constructor
FN:78,enterRaffle
FN:89,checkUpkeep
FN:106,performUpkeep
FN:124,fulfillRandomWords
FN:142,getEntranceFee
FN:146,getPlayer
FN:150,getRecentWinner
FN:154,getRaffleState
FN:158,getNumWord
FN:162,getNumberOfPlayers
FN:166,getLatestTimestamp
FN:170,getRequestConfirmations
FN:174,getInterval
FNF:14
FNH:8
FNDA:3,constructor
FNDA:5,enterRaffle
FNDA:2,checkUpkeep
FNDA:1,performUpkeep
FNDA:0,fulfillRandomWords
FNDA:6,getEntranceFee
FNDA:1,getPlayer
FNDA:0,getRecentWinner
FNDA:1,getRaffleState
FNDA:0,getNumWord
FNDA:0,getNumberOfPlayers
FNDA:0,getLatestTimestamp
FNDA:0,getRequestConfirmations
FNDA:6,getInterval
DA:68,3
DA:69,3
DA:70,3
DA:71,3
DA:72,3
DA:73,3
DA:74,3
DA:75,3
DA:79,5
DA:80,1
DA:82,4
DA:83,1
DA:85,3
DA:86,3
DA:99,2
DA:100,2
DA:101,2
DA:102,2
DA:103,2
DA:109,1
DA:110,1
DA:111,0
DA:113,1
DA:114,1
DA:121,1
DA:127,0
DA:128,0
DA:129,0
DA:130,0
DA:131,0
DA:132,0
DA:133,0
DA:135,0
DA:136,0
DA:138,0
DA:143,6
DA:147,1
DA:151,0
DA:155,1
DA:159,0
DA:163,0
DA:167,0
DA:171,0
DA:175,6
LF:44
LH:28
BRDA:79,1,0,1
BRDA:79,1,1,4
BRDA:82,2,0,1
BRDA:82,2,1,3
BRDA:110,3,0,0
BRDA:110,3,1,1
BRDA:135,4,0,0
BRDA:135,4,1,0
BRF:8
BRH:5
end_of_record
TN:
SF:/home/seba-uin/Desktop/blockchain-dev/collins-course/hardhat-lottery/contracts/test/VRFCoordinatorV2Mock.sol
FNF:0
FNH:0
LF:0
LH:0
BRF:0
BRH:0
end_of_record
